<?xml version="1.0" encoding="UTF-8"?>
<!-- Generated by org.testng.reporters.JUnitReportReporter -->
<testsuite skipped="0" hostname="DESKTOP-PT4Q7O9" name="testNgConcepts.Tc001_DisplayMessages" tests="2" failures="0" timestamp="10 Jan 2021 02:02:05 GMT" time="0.004" errors="0">
  <testcase name="displayMessage" time="0.003" classname="testNgConcepts.Tc001_DisplayMessages"/>
  <testcase name="displayName" time="0.001" classname="testNgConcepts.Tc001_DisplayMessages"/>
</testsuite> <!-- testNgConcepts.Tc001_DisplayMessages -->
