<?xml version="1.0" encoding="UTF-8"?>
<!-- Generated by org.testng.reporters.JUnitReportReporter -->
<testsuite skipped="0" hostname="DESKTOP-PT4Q7O9" name="testNgConcepts.Tc003_LoginIntoSurveyMonkeyApplication" tests="2" failures="0" timestamp="10 Jan 2021 02:02:05 GMT" time="32.407" errors="0">
  <testcase name="invokeApplication" time="24.478" classname="testNgConcepts.Tc003_LoginIntoSurveyMonkeyApplication"/>
  <testcase name="loginIntoApplication" time="7.929" classname="testNgConcepts.Tc003_LoginIntoSurveyMonkeyApplication"/>
</testsuite> <!-- testNgConcepts.Tc003_LoginIntoSurveyMonkeyApplication -->
