<?xml version="1.0" encoding="UTF-8"?>
<!-- Generated by org.testng.reporters.JUnitReportReporter -->
<testsuite skipped="0" hostname="DESKTOP-PT4Q7O9" name="testNgConcepts.DataProviderConcept" tests="2" failures="0" timestamp="09 Jan 2021 02:40:56 GMT" time="0.023" errors="0">
  <testcase name="customerDetailsTest" time="0.022" classname="testNgConcepts.DataProviderConcept"/>
  <testcase name="customerDetailsTest" time="0.001" classname="testNgConcepts.DataProviderConcept"/>
</testsuite> <!-- testNgConcepts.DataProviderConcept -->
